[2022-03-11T05:46:10.230Z] Validating found git in: git
[2022-03-11T05:46:10.238Z] Using git 2.35.1 from git
[2022-03-11T05:46:23.740Z] > git rev-parse --git-dir [1ms]
[2022-03-11T05:46:23.744Z] Open repository: /home/mclovin/.config
[2022-03-11T05:46:23.828Z] > git symbolic-ref --short HEAD [1ms]
[2022-03-11T05:46:23.836Z] > git for-each-ref --format=%(refname)%00%(upstream:short)%00%(objectname)%00%(upstream:track) refs/heads/main refs/remotes/main [1ms]
[2022-03-11T05:46:23.848Z] > git remote --verbose [1ms]
[2022-03-11T05:46:23.848Z] > git for-each-ref --sort -committerdate --format %(refname) %(objectname) %(*objectname) [6ms]
[2022-03-11T05:46:23.868Z] > git config --get commit.template [0ms]
[2022-03-11T05:46:24.346Z] > git ls-files --stage -- /home/mclovin/.config/Code - OSS/User/globalStorage/cweijan.vscode-ssh/temp/scripts.js [2ms]
[2022-03-11T05:47:02.300Z] > git ls-files --stage -- /home/mclovin/.config/Code - OSS/User/globalStorage/cweijan.vscode-ssh/temp/scripts.js [1ms]
[2022-03-11T05:50:02.452Z] > git ls-files --stage -- /home/mclovin/.config/Code - OSS/User/globalStorage/cweijan.vscode-ssh/temp/index.php [1ms]
[2022-03-11T05:50:04.330Z] > git ls-files --stage -- /home/mclovin/.config/Code - OSS/User/globalStorage/cweijan.vscode-ssh/temp/scripts.js [2ms]
[2022-03-11T05:55:25.292Z] > git ls-files --stage -- /home/mclovin/.config/Code - OSS/User/globalStorage/cweijan.vscode-ssh/temp/index.php [1ms]
[2022-03-11T05:55:56.034Z] > git ls-files --stage -- /home/mclovin/.config/Code - OSS/User/globalStorage/cweijan.vscode-ssh/temp/chart-bar-demo.js [1ms]
[2022-03-11T05:56:05.554Z] > git ls-files --stage -- /home/mclovin/.config/Code - OSS/User/globalStorage/cweijan.vscode-ssh/temp/scripts.js [1ms]
[2022-03-11T05:56:28.883Z] > git ls-files --stage -- /home/mclovin/.config/Code - OSS/User/globalStorage/cweijan.vscode-ssh/temp/chart-bar-demo.js [1ms]
[2022-03-11T05:57:07.931Z] > git ls-files --stage -- /home/mclovin/.config/Code - OSS/User/globalStorage/cweijan.vscode-ssh/temp/scripts.js [1ms]
[2022-03-11T06:33:07.811Z] > git ls-files --stage -- /home/mclovin/.config/Code - OSS/User/globalStorage/cweijan.vscode-ssh/temp/chart-bar-demo.js [2ms]
[2022-03-11T06:33:14.151Z] > git ls-files --stage -- /home/mclovin/.config/Code - OSS/User/globalStorage/cweijan.vscode-ssh/temp/index.php [2ms]
[2022-03-11T06:33:15.256Z] > git ls-files --stage -- /home/mclovin/.config/Code - OSS/User/globalStorage/cweijan.vscode-ssh/temp/scripts.js [2ms]
[2022-03-11T06:39:01.696Z] > git ls-files --stage -- /home/mclovin/.config/Code - OSS/User/globalStorage/cweijan.vscode-ssh/temp/index.php [1ms]
[2022-03-11T06:39:12.028Z] > git ls-files --stage -- /home/mclovin/.config/Code - OSS/User/globalStorage/cweijan.vscode-ssh/temp/chart-bar-demo.js [1ms]
[2022-03-11T06:39:14.690Z] > git ls-files --stage -- /home/mclovin/.config/Code - OSS/User/globalStorage/cweijan.vscode-ssh/temp/scripts.js [2ms]
[2022-03-11T06:39:41.175Z] > git ls-files --stage -- /home/mclovin/.config/Code - OSS/User/globalStorage/cweijan.vscode-ssh/temp/index.php [1ms]
[2022-03-11T06:39:52.142Z] > git ls-files --stage -- /home/mclovin/.config/Code - OSS/User/globalStorage/cweijan.vscode-ssh/temp/scripts.js [1ms]
[2022-03-11T06:40:17.644Z] > git ls-files --stage -- /home/mclovin/.config/Code - OSS/User/globalStorage/cweijan.vscode-ssh/temp/index.php [1ms]
[2022-03-11T06:40:19.339Z] > git ls-files --stage -- /home/mclovin/.config/Code - OSS/User/globalStorage/cweijan.vscode-ssh/temp/scripts.js [2ms]
[2022-03-11T06:40:34.533Z] > git ls-files --stage -- /home/mclovin/.config/Code - OSS/User/globalStorage/cweijan.vscode-ssh/temp/index.php [1ms]
[2022-03-11T06:40:42.082Z] > git ls-files --stage -- /home/mclovin/.config/Code - OSS/User/globalStorage/cweijan.vscode-ssh/temp/scripts.js [1ms]
[2022-03-11T06:41:49.463Z] > git ls-files --stage -- /home/mclovin/.config/Code - OSS/User/globalStorage/cweijan.vscode-ssh/temp/index.php [1ms]
[2022-03-11T06:41:54.750Z] > git ls-files --stage -- /home/mclovin/.config/Code - OSS/User/globalStorage/cweijan.vscode-ssh/temp/scripts.js [2ms]
[2022-03-11T06:43:10.803Z] > git ls-files --stage -- /home/mclovin/.config/Code - OSS/User/globalStorage/cweijan.vscode-ssh/temp/index.php [1ms]
[2022-03-11T06:43:39.110Z] > git ls-files --stage -- /home/mclovin/.config/Code - OSS/User/globalStorage/cweijan.vscode-ssh/temp/chart-bar-demo.js [1ms]
[2022-03-11T06:43:39.914Z] > git ls-files --stage -- /home/mclovin/.config/Code - OSS/User/globalStorage/cweijan.vscode-ssh/temp/scripts.js [1ms]
[2022-03-11T06:44:12.231Z] > git ls-files --stage -- /home/mclovin/.config/Code - OSS/User/globalStorage/cweijan.vscode-ssh/temp/index.php [1ms]
[2022-03-11T06:44:13.983Z] > git ls-files --stage -- /home/mclovin/.config/Code - OSS/User/globalStorage/cweijan.vscode-ssh/temp/scripts.js [1ms]
[2022-03-11T06:46:49.773Z] > git ls-files --stage -- /home/mclovin/.config/Code - OSS/User/globalStorage/cweijan.vscode-ssh/temp/index.php [1ms]
[2022-03-11T06:47:02.499Z] > git ls-files --stage -- /home/mclovin/.config/Code - OSS/User/globalStorage/cweijan.vscode-ssh/temp/scripts.js [2ms]
[2022-03-11T06:47:07.973Z] > git ls-files --stage -- /home/mclovin/.config/Code - OSS/User/globalStorage/cweijan.vscode-ssh/temp/index.php [1ms]
[2022-03-11T06:47:45.230Z] > git ls-files --stage -- /home/mclovin/.config/Code - OSS/User/globalStorage/cweijan.vscode-ssh/temp/scripts.js [1ms]
[2022-03-11T07:13:33.437Z] > git ls-files --stage -- /home/mclovin/.config/Code - OSS/User/globalStorage/cweijan.vscode-ssh/temp/index.php [1ms]
[2022-03-11T07:15:27.735Z] > git ls-files --stage -- /home/mclovin/.config/Code - OSS/User/globalStorage/cweijan.vscode-ssh/temp/scripts.js [1ms]
[2022-03-11T07:16:07.887Z] > git ls-files --stage -- /home/mclovin/.config/Code - OSS/User/globalStorage/cweijan.vscode-ssh/temp/chart-area-demo.js [1ms]
[2022-03-11T07:16:24.814Z] > git ls-files --stage -- /home/mclovin/.config/Code - OSS/User/globalStorage/cweijan.vscode-ssh/temp/scripts.js [1ms]
[2022-03-11T07:16:38.919Z] > git ls-files --stage -- /home/mclovin/.config/Code - OSS/User/globalStorage/cweijan.vscode-ssh/temp/chart-area-demo.js [2ms]
[2022-03-11T07:16:57.852Z] > git ls-files --stage -- /home/mclovin/.config/Code - OSS/User/globalStorage/cweijan.vscode-ssh/temp/scripts.js [1ms]
[2022-03-11T07:17:03.357Z] > git ls-files --stage -- /home/mclovin/.config/Code - OSS/User/globalStorage/cweijan.vscode-ssh/temp/chart-area-demo.js [3ms]
[2022-03-11T07:17:21.798Z] > git ls-files --stage -- /home/mclovin/.config/Code - OSS/User/globalStorage/cweijan.vscode-ssh/temp/scripts.js [1ms]
[2022-03-11T07:17:37.007Z] > git ls-files --stage -- /home/mclovin/.config/Code - OSS/User/globalStorage/cweijan.vscode-ssh/temp/chart-area-demo.js [2ms]
[2022-03-11T07:17:40.906Z] > git ls-files --stage -- /home/mclovin/.config/Code - OSS/User/globalStorage/cweijan.vscode-ssh/temp/scripts.js [1ms]
[2022-03-11T07:17:53.260Z] > git ls-files --stage -- /home/mclovin/.config/Code - OSS/User/globalStorage/cweijan.vscode-ssh/temp/chart-area-demo.js [1ms]
[2022-03-11T07:18:06.316Z] > git ls-files --stage -- /home/mclovin/.config/Code - OSS/User/globalStorage/cweijan.vscode-ssh/temp/scripts.js [1ms]
[2022-03-11T07:18:11.758Z] > git ls-files --stage -- /home/mclovin/.config/Code - OSS/User/globalStorage/cweijan.vscode-ssh/temp/chart-area-demo.js [1ms]
[2022-03-11T07:18:14.746Z] > git ls-files --stage -- /home/mclovin/.config/Code - OSS/User/globalStorage/cweijan.vscode-ssh/temp/scripts.js [1ms]
[2022-03-11T07:18:24.628Z] > git ls-files --stage -- /home/mclovin/.config/Code - OSS/User/globalStorage/cweijan.vscode-ssh/temp/chart-area-demo.js [2ms]
[2022-03-11T07:18:35.483Z] > git ls-files --stage -- /home/mclovin/.config/Code - OSS/User/globalStorage/cweijan.vscode-ssh/temp/scripts.js [1ms]
[2022-03-11T07:18:55.405Z] > git ls-files --stage -- /home/mclovin/.config/Code - OSS/User/globalStorage/cweijan.vscode-ssh/temp/chart-area-demo.js [1ms]
[2022-03-11T07:19:02.324Z] > git ls-files --stage -- /home/mclovin/.config/Code - OSS/User/globalStorage/cweijan.vscode-ssh/temp/scripts.js [2ms]
[2022-03-11T07:19:14.388Z] > git ls-files --stage -- /home/mclovin/.config/Code - OSS/User/globalStorage/cweijan.vscode-ssh/temp/chart-area-demo.js [2ms]
[2022-03-11T07:19:22.675Z] > git ls-files --stage -- /home/mclovin/.config/Code - OSS/User/globalStorage/cweijan.vscode-ssh/temp/scripts.js [1ms]
[2022-03-11T07:19:43.134Z] > git ls-files --stage -- /home/mclovin/.config/Code - OSS/User/globalStorage/cweijan.vscode-ssh/temp/chart-area-demo.js [2ms]
[2022-03-11T07:20:05.849Z] > git ls-files --stage -- /home/mclovin/.config/Code - OSS/User/globalStorage/cweijan.vscode-ssh/temp/chart-bar-demo.js [1ms]
[2022-03-11T07:20:13.567Z] > git ls-files --stage -- /home/mclovin/.config/Code - OSS/User/globalStorage/cweijan.vscode-ssh/temp/chart-area-demo.js [2ms]
[2022-03-11T07:21:08.990Z] > git ls-files --stage -- /home/mclovin/.config/Code - OSS/User/globalStorage/cweijan.vscode-ssh/temp/scripts.js [1ms]
[2022-03-11T07:21:17.493Z] > git ls-files --stage -- /home/mclovin/.config/Code - OSS/User/globalStorage/cweijan.vscode-ssh/temp/chart-area-demo.js [2ms]
[2022-03-11T07:39:17.911Z] > git ls-files --stage -- /home/mclovin/.config/Code - OSS/User/globalStorage/cweijan.vscode-ssh/temp/chart-bar-demo.js [2ms]
[2022-03-11T07:39:26.120Z] > git ls-files --stage -- /home/mclovin/.config/Code - OSS/User/globalStorage/cweijan.vscode-ssh/temp/chart-area-demo.js [3ms]
[2022-03-11T07:43:03.528Z] > git ls-files --stage -- /home/mclovin/.config/Code - OSS/User/globalStorage/cweijan.vscode-ssh/temp/scripts.js [1ms]
[2022-03-11T07:43:15.513Z] > git ls-files --stage -- /home/mclovin/.config/Code - OSS/User/globalStorage/cweijan.vscode-ssh/temp/chart-area-demo.js [1ms]
[2022-03-11T07:43:23.175Z] > git ls-files --stage -- /home/mclovin/.config/Code - OSS/User/globalStorage/cweijan.vscode-ssh/temp/scripts.js [1ms]
[2022-03-11T07:44:12.675Z] > git ls-files --stage -- /home/mclovin/.config/Code - OSS/User/globalStorage/cweijan.vscode-ssh/temp/chart-area-demo.js [1ms]
[2022-03-11T07:44:26.554Z] > git ls-files --stage -- /home/mclovin/.config/Code - OSS/User/globalStorage/cweijan.vscode-ssh/temp/scripts.js [1ms]
[2022-03-11T07:45:44.098Z] > git ls-files --stage -- /home/mclovin/.config/Code - OSS/User/globalStorage/cweijan.vscode-ssh/temp/index.php [1ms]
[2022-03-11T07:46:52.455Z] > git ls-files --stage -- /home/mclovin/.config/Code - OSS/User/globalStorage/cweijan.vscode-ssh/temp/index.php [2ms]
[2022-03-11T07:47:06.021Z] > git ls-files --stage -- /home/mclovin/.config/Code - OSS/User/globalStorage/cweijan.vscode-ssh/temp/index.php [1ms]
[2022-03-11T07:47:16.329Z] > git ls-files --stage -- /home/mclovin/.config/Code - OSS/User/globalStorage/cweijan.vscode-ssh/temp/index.php [1ms]
[2022-03-11T07:47:42.381Z] > git ls-files --stage -- /home/mclovin/.config/Code - OSS/User/globalStorage/cweijan.vscode-ssh/temp/index.php [1ms]
[2022-03-11T07:48:37.527Z] > git ls-files --stage -- /home/mclovin/.config/Code - OSS/User/globalStorage/cweijan.vscode-ssh/temp/index.php [1ms]
[2022-03-11T07:49:03.405Z] > git ls-files --stage -- /home/mclovin/.config/Code - OSS/User/globalStorage/cweijan.vscode-ssh/temp/scripts.js [1ms]
[2022-03-11T07:51:29.437Z] > git ls-files --stage -- /home/mclovin/.config/Code - OSS/User/globalStorage/cweijan.vscode-ssh/temp/scripts.js [1ms]
[2022-03-11T07:51:58.418Z] > git ls-files --stage -- /home/mclovin/.config/Code - OSS/User/globalStorage/cweijan.vscode-ssh/temp/scripts.js [1ms]
[2022-03-11T07:54:53.780Z] > git ls-files --stage -- /home/mclovin/.config/Code - OSS/User/globalStorage/cweijan.vscode-ssh/temp/login.php [2ms]
[2022-03-11T08:03:19.214Z] > git ls-files --stage -- /home/mclovin/.config/Code - OSS/User/globalStorage/cweijan.vscode-ssh/temp/scripts.js [1ms]
