INFO  2022-03-01T13:35:51.432 ThreadId(10) [1P:op-settings/src/store/json_store.rs:51] Settings file "/home/$USER/.config/1Password/settings/settings.json" missing, using defaults.
INFO  2022-03-01T13:35:51.432 ThreadId(10) [client:typescript] Client starting.
ERROR 2022-03-01T13:35:51.632 ThreadId(10) [1P:ffi/core-node/src/lib.rs:824] Failed to load crash reports from disk: Os { code: 2, kind: NotFound, message: "No such file or directory" }
INFO  2022-03-01T13:35:51.632 tokio-runtime-worker(ThreadId(2)) [1P:native-messaging/op-native-core-integration/src/lib.rs:281] Starting IPC listener on 1Password-BrowserSupport
INFO  2022-03-01T13:35:51.632 ThreadId(10) [1P:op-localization/src/lib.rs:185] system locale detected as 'en_US'
INFO  2022-03-01T13:35:51.632 ThreadId(10) [1P:op-localization/src/lib.rs:211] selected translations for EN_US based on detected locale en-US
INFO  2022-03-01T13:35:51.632 ThreadId(10) [status:op-app/src/app.rs:312] App::new(1Password for Linux/80500121 (EN_US), /home/$USER/.config/1Password/1password.sqlite)
INFO  2022-03-01T13:35:51.633 ThreadId(10) [1P:op-db/src/db.rs:94] Starting DB at version: 0
INFO  2022-03-01T13:35:51.633 tokio-runtime-worker(ThreadId(1)) [1P:native-messaging/op-native-core-integration/src/lib.rs:293] Active native core integration is awaiting messages
INFO  2022-03-01T13:35:51.633 ThreadId(10) [1P:op-db/src/db.rs:102] Database is being created at '/home/$USER/.config/1Password/1password.sqlite' (sqlite: 3035004)
INFO  2022-03-01T13:35:51.984 ThreadId(10) [1P:op-db/src/db.rs:356] Updated DB Schema to version 001
INFO  2022-03-01T13:35:52.142 ThreadId(10) [1P:op-db/src/db.rs:377] Updated DB Schema to version 002
INFO  2022-03-01T13:35:52.276 ThreadId(10) [1P:op-db/src/db.rs:388] Updated DB Schema to version 003
INFO  2022-03-01T13:35:52.409 ThreadId(10) [1P:op-db/src/db.rs:403] Updated DB Schema to version 005
INFO  2022-03-01T13:35:52.559 ThreadId(10) [1P:op-db/src/db.rs:418] Updated DB Schema to version 006
INFO  2022-03-01T13:35:52.684 ThreadId(10) [1P:op-db/src/db.rs:431] Updated DB Schema to version 007
INFO  2022-03-01T13:35:52.809 ThreadId(10) [1P:op-db/src/db.rs:444] Updated DB Schema to version 008
INFO  2022-03-01T13:35:52.942 ThreadId(10) [1P:op-db/src/db.rs:457] Updated DB Schema to version 009
INFO  2022-03-01T13:35:53.076 ThreadId(10) [1P:op-db/src/db.rs:470] Updated DB Schema to version 011
INFO  2022-03-01T13:35:53.076 ThreadId(10) [1P:op-db/src/db.rs:484] Updated DB Schema to version 012
INFO  2022-03-01T13:35:53.226 ThreadId(10) [1P:op-db/src/db.rs:497] Updated DB Schema to version 013
INFO  2022-03-01T13:35:53.368 ThreadId(10) [1P:op-db/src/db.rs:510] Updated DB Schema to version 014
INFO  2022-03-01T13:35:53.526 ThreadId(10) [1P:op-db/src/db.rs:523] Updated DB Schema to version 015
INFO  2022-03-01T13:35:53.676 ThreadId(10) [1P:op-db/src/db.rs:536] Updated DB Schema to version 016
INFO  2022-03-01T13:35:53.826 ThreadId(10) [1P:op-db/src/db.rs:549] Updated DB Schema to version 017
INFO  2022-03-01T13:35:53.976 ThreadId(10) [1P:op-db/src/db.rs:562] Updated DB Schema to version 018
INFO  2022-03-01T13:35:54.117 ThreadId(10) [1P:op-db/src/db.rs:575] Updated DB Schema to version 019
INFO  2022-03-01T13:35:54.409 ThreadId(10) [1P:op-db/src/db.rs:687] Updated DB Schema to version 021
INFO  2022-03-01T13:35:54.542 ThreadId(10) [1P:op-db/src/db.rs:700] Updated DB Schema to version 022
INFO  2022-03-01T13:35:54.709 ThreadId(10) [1P:op-db/src/db.rs:713] Updated DB Schema to version 023
INFO  2022-03-01T13:35:54.835 op_executor:invocation_loop(ThreadId(13)) [1P:native-messaging/op-nm-installer/src/nix_utils.rs:46] Creating manifest directory for Chromium at /home/$USER/.config/google-chrome/NativeMessagingHosts
INFO  2022-03-01T13:35:54.835 op_executor:invocation_loop(ThreadId(13)) [1P:native-messaging/op-nm-installer/src/nix_utils.rs:66] Created NMH manifest at /home/$USER/.config/google-chrome/NativeMessagingHosts/com.1password.1password.json
INFO  2022-03-01T13:35:54.835 op_executor:invocation_loop(ThreadId(13)) [1P:native-messaging/op-nm-installer/src/nix_utils.rs:46] Creating manifest directory for Chromium at /home/$USER/.config/google-chrome-beta/NativeMessagingHosts
INFO  2022-03-01T13:35:54.836 op_executor:invocation_loop(ThreadId(13)) [1P:native-messaging/op-nm-installer/src/nix_utils.rs:66] Created NMH manifest at /home/$USER/.config/google-chrome-beta/NativeMessagingHosts/com.1password.1password.json
INFO  2022-03-01T13:35:54.836 op_executor:invocation_loop(ThreadId(13)) [1P:native-messaging/op-nm-installer/src/nix_utils.rs:46] Creating manifest directory for Chromium at /home/$USER/.config/google-chrome-unstable/NativeMessagingHosts
INFO  2022-03-01T13:35:54.836 op_executor:invocation_loop(ThreadId(13)) [1P:native-messaging/op-nm-installer/src/nix_utils.rs:66] Created NMH manifest at /home/$USER/.config/google-chrome-unstable/NativeMessagingHosts/com.1password.1password.json
INFO  2022-03-01T13:35:54.836 op_executor:invocation_loop(ThreadId(13)) [1P:native-messaging/op-nm-installer/src/nix_utils.rs:46] Creating manifest directory for Chromium at /home/$USER/.config/chromium/NativeMessagingHosts
INFO  2022-03-01T13:35:54.836 op_executor:invocation_loop(ThreadId(13)) [1P:native-messaging/op-nm-installer/src/nix_utils.rs:66] Created NMH manifest at /home/$USER/.config/chromium/NativeMessagingHosts/com.1password.1password.json
INFO  2022-03-01T13:35:54.836 op_executor:invocation_loop(ThreadId(13)) [1P:native-messaging/op-nm-installer/src/nix_utils.rs:46] Creating manifest directory for Chromium at /home/$USER/.config/microsoft-edge-dev/NativeMessagingHosts
INFO  2022-03-01T13:35:54.836 op_executor:invocation_loop(ThreadId(13)) [1P:native-messaging/op-nm-installer/src/nix_utils.rs:66] Created NMH manifest at /home/$USER/.config/microsoft-edge-dev/NativeMessagingHosts/com.1password.1password.json
INFO  2022-03-01T13:35:54.836 op_executor:invocation_loop(ThreadId(13)) [1P:native-messaging/op-nm-installer/src/nix_utils.rs:46] Creating manifest directory for Chromium at /home/$USER/.config/BraveSoftware/Brave-Browser/NativeMessagingHosts
INFO  2022-03-01T13:35:54.836 op_executor:invocation_loop(ThreadId(13)) [1P:native-messaging/op-nm-installer/src/nix_utils.rs:66] Created NMH manifest at /home/$USER/.config/BraveSoftware/Brave-Browser/NativeMessagingHosts/com.1password.1password.json
INFO  2022-03-01T13:35:54.836 op_executor:invocation_loop(ThreadId(13)) [1P:native-messaging/op-nm-installer/src/nix_utils.rs:46] Creating manifest directory for Chromium at /home/$USER/.config/vivaldi/NativeMessagingHosts
INFO  2022-03-01T13:35:54.836 op_executor:invocation_loop(ThreadId(13)) [1P:native-messaging/op-nm-installer/src/nix_utils.rs:66] Created NMH manifest at /home/$USER/.config/vivaldi/NativeMessagingHosts/com.1password.1password.json
INFO  2022-03-01T13:35:54.836 op_executor:invocation_loop(ThreadId(13)) [1P:native-messaging/op-nm-installer/src/nix_utils.rs:46] Creating manifest directory for Chromium at /home/$USER/.config/vivaldi-snapshot/NativeMessagingHosts
INFO  2022-03-01T13:35:54.836 op_executor:invocation_loop(ThreadId(13)) [1P:native-messaging/op-nm-installer/src/nix_utils.rs:66] Created NMH manifest at /home/$USER/.config/vivaldi-snapshot/NativeMessagingHosts/com.1password.1password.json
INFO  2022-03-01T13:35:54.836 op_executor:invocation_loop(ThreadId(13)) [1P:native-messaging/op-nm-installer/src/nix_utils.rs:46] Creating manifest directory for Firefox at /home/$USER/.mozilla/native-messaging-hosts
INFO  2022-03-01T13:35:54.836 op_executor:invocation_loop(ThreadId(13)) [1P:native-messaging/op-nm-installer/src/nix_utils.rs:66] Created NMH manifest at /home/$USER/.mozilla/native-messaging-hosts/com.1password.1password.json
INFO  2022-03-01T13:35:54.836 op_executor:invocation_loop(ThreadId(13)) [1P:native-messaging/op-nm-installer/src/nix_utils.rs:81] Successfully installed all native messaging manifests.
WARN  2022-03-01T13:35:55.701 tokio-runtime-worker(ThreadId(1)) [1P:op-db-queue/src/operations.rs:1171] operation transaction #tx#4(set_object) took more than 100 ms (157 ms)
INFO  2022-03-01T13:37:20.044 op_executor:invocation_loop(ThreadId(13)) [1P:op-app/src/app/backend/frontend.rs:26] Front end event: window closed
INFO  2022-03-01T13:37:21.150 op_executor:invocation_loop(ThreadId(13)) [1P:op-app/src/app/backend/frontend.rs:60] Front end event: app will quit
